<?xml version="1.0" encoding="UTF-8"?>
<testsuite xmlns:xsi="http://www.w3.org/2001/XMLSchema-instance" xsi:noNamespaceSchemaLocation="https://maven.apache.org/surefire/maven-surefire-plugin/xsd/surefire-test-report.xsd" version="3.0.2" name="org.mps.ronqi2.RonQI2SilverTest" time="0.674" tests="37" errors="0" skipped="0" failures="0">
  <properties>
[...]
</properties>
  <testcase name="reconectar_NoSeConectaElSensorDeSonido_DevuelveFalso" classname="org.mps.ronqi2.RonQI2SilverTest" time="0.566">
    <system-err><![CDATA[Mockito is currently self-attaching to enable the inline-mock-maker. This will no longer work in future releases of the JDK. Please add Mockito as an agent to your build as described in Mockito's documentation: https://javadoc.io/doc/org.mockito/mockito-core/latest/org/mockito/Mockito.html#0.3
WARNING: A Java agent has been loaded dynamically (/Users/daniilgumenyuk/.m2/repository/net/bytebuddy/byte-buddy-agent/1.15.11/byte-buddy-agent-1.15.11.jar)
WARNING: If a serviceability tool is in use, please run with -XX:+EnableDynamicAgentLoading to hide this warning
WARNING: If a serviceability tool is not in use, please run with -Djdk.instrument.traceUsage for more information
WARNING: Dynamic loading of agents will be disallowed by default in a future release
]]></system-err>
  </testcase>
  <testcase name="valuarApneaSuenyo_NoHayDatosSonido_PresionSuperaLimite_NoHayApnea()[1]" classname="org.mps.ronqi2.RonQI2SilverTest" time="0.004"/>
  <testcase name="valuarApneaSuenyo_NoHayDatosSonido_PresionSuperaLimite_NoHayApnea()[2]" classname="org.mps.ronqi2.RonQI2SilverTest" time="0.002"/>
  <testcase name="valuarApneaSuenyo_NoHayDatosSonido_PresionSuperaLimite_NoHayApnea()[3]" classname="org.mps.ronqi2.RonQI2SilverTest" time="0.002"/>
  <testcase name="estaConectado_DispositivoNoEstaConectado_DevuelveFalso" classname="org.mps.ronqi2.RonQI2SilverTest" time="0.001"/>
  <testcase name="inicializar_SeConectanYSeConfiguranSensores_DevuelveVerdadero" classname="org.mps.ronqi2.RonQI2SilverTest" time="0.002"/>
  <testcase name="evaluarApneaSuenyo_NoHayDatosSensorSonido_NoHayApnea(int)[1]" classname="org.mps.ronqi2.RonQI2SilverTest" time="0.009"/>
  <testcase name="evaluarApneaSuenyo_NoHayDatosSensorSonido_NoHayApnea(int)[2]" classname="org.mps.ronqi2.RonQI2SilverTest" time="0.002"/>
  <testcase name="evaluarApneaSuenyo_NoHayDatosSensorSonido_NoHayApnea(int)[3]" classname="org.mps.ronqi2.RonQI2SilverTest" time="0.002"/>
  <testcase name="estaConectado_DispositivoEstaConectado_DevuelveVerdadero" classname="org.mps.ronqi2.RonQI2SilverTest" time="0.001"/>
  <testcase name="reconectar_SeConectanAmbosSensores_DevuelveVerdadero" classname="org.mps.ronqi2.RonQI2SilverTest" time="0.001"/>
  <testcase name="valuarApneaSuenyo_NoHayDatosPresion_SonidoSuperaLimite_NoHayApnea()[1]" classname="org.mps.ronqi2.RonQI2SilverTest" time="0.001"/>
  <testcase name="valuarApneaSuenyo_NoHayDatosPresion_SonidoSuperaLimite_NoHayApnea()[2]" classname="org.mps.ronqi2.RonQI2SilverTest" time="0.001"/>
  <testcase name="valuarApneaSuenyo_NoHayDatosPresion_SonidoSuperaLimite_NoHayApnea()[3]" classname="org.mps.ronqi2.RonQI2SilverTest" time="0.001"/>
  <testcase name="evaluarApneaSuenyo_NoHayDatosDeSensores_NoHayApnea" classname="org.mps.ronqi2.RonQI2SilverTest" time="0.001"/>
  <testcase name="inicializar_NoSeConectaSonido_DevuelveFalso" classname="org.mps.ronqi2.RonQI2SilverTest" time="0.001"/>
  <testcase name="reconectar_NoSeConectaElSensorDePresion_DevuelveFalso" classname="org.mps.ronqi2.RonQI2SilverTest" time="0.001"/>
  <testcase name="evaluarApneaSuenyo_SeSuperaLimitePresion_NoHayApnea(int)[1]" classname="org.mps.ronqi2.RonQI2SilverTest" time="0.001"/>
  <testcase name="evaluarApneaSuenyo_SeSuperaLimitePresion_NoHayApnea(int)[2]" classname="org.mps.ronqi2.RonQI2SilverTest" time="0.001"/>
  <testcase name="evaluarApneaSuenyo_SeSuperaLimitePresion_NoHayApnea(int)[3]" classname="org.mps.ronqi2.RonQI2SilverTest" time="0.002"/>
  <testcase name="reconectar_DispositivoConectado_DevuelveFalso" classname="org.mps.ronqi2.RonQI2SilverTest" time="0.006"/>
  <testcase name="inicializar_NoSeConectaPresion_DevuelveFalso" classname="org.mps.ronqi2.RonQI2SilverTest" time="0.002"/>
  <testcase name="evaluarApneaSuenyo_NoHayDatosSensorPresion_NoHayApnea()[1]" classname="org.mps.ronqi2.RonQI2SilverTest" time="0.001"/>
  <testcase name="evaluarApneaSuenyo_NoHayDatosSensorPresion_NoHayApnea()[2]" classname="org.mps.ronqi2.RonQI2SilverTest" time="0.001"/>
  <testcase name="evaluarApneaSuenyo_NoHayDatosSensorPresion_NoHayApnea()[3]" classname="org.mps.ronqi2.RonQI2SilverTest" time="0.001"/>
  <testcase name="reconectar_NoSeConectanSensores_DevuelveFalso" classname="org.mps.ronqi2.RonQI2SilverTest" time="0.001"/>
  <testcase name="evaluarApneaSuenyo_SeSuperanLimitesPresionSonido_HayApnea(int)[1]" classname="org.mps.ronqi2.RonQI2SilverTest" time="0.001"/>
  <testcase name="evaluarApneaSuenyo_SeSuperanLimitesPresionSonido_HayApnea(int)[2]" classname="org.mps.ronqi2.RonQI2SilverTest" time="0.001"/>
  <testcase name="evaluarApneaSuenyo_SeSuperanLimitesPresionSonido_HayApnea(int)[3]" classname="org.mps.ronqi2.RonQI2SilverTest" time="0.001"/>
  <testcase name="inicializar_NoSeConfiguraSonido_DevuelveFalso" classname="org.mps.ronqi2.RonQI2SilverTest" time="0.001"/>
  <testcase name="evaluarApneaSuenyo_noSeSuperanLimites_NoHayApnea(int)[1]" classname="org.mps.ronqi2.RonQI2SilverTest" time="0.002"/>
  <testcase name="evaluarApneaSuenyo_noSeSuperanLimites_NoHayApnea(int)[2]" classname="org.mps.ronqi2.RonQI2SilverTest" time="0.002"/>
  <testcase name="evaluarApneaSuenyo_noSeSuperanLimites_NoHayApnea(int)[3]" classname="org.mps.ronqi2.RonQI2SilverTest" time="0.001"/>
  <testcase name="inicializar_NoSeConfiguraPresion_DevuelveFalse" classname="org.mps.ronqi2.RonQI2SilverTest" time="0.001"/>
  <testcase name="evaluarApneaSuenyo_SeSuperaLimiteSonido_NoHayApnea(int)[1]" classname="org.mps.ronqi2.RonQI2SilverTest" time="0.001"/>
  <testcase name="evaluarApneaSuenyo_SeSuperaLimiteSonido_NoHayApnea(int)[2]" classname="org.mps.ronqi2.RonQI2SilverTest" time="0.001"/>
  <testcase name="evaluarApneaSuenyo_SeSuperaLimiteSonido_NoHayApnea(int)[3]" classname="org.mps.ronqi2.RonQI2SilverTest" time="0.001"/>
</testsuite>